Arguments: 
  /usr/local/bin/node /usr/share/yarn/bin/yarn.js init

PATH: 
  /usr/local/sbin:/usr/local/bin:/usr/sbin:/usr/bin:/sbin:/bin:/usr/games:/usr/local/games:/snap/bin:/usr/lib/jvm/java-8-oracle/bin:/usr/lib/jvm/java-8-oracle/db/bin:/usr/lib/jvm/java-8-oracle/jre/bin:/usr/lib/jvm/java-8-oracle/bin:/usr/lib/jvm/java-8-oracle/db/bin:/usr/lib/jvm/java-8-oracle/jre/bin:~/desenvolvimento/flutter/bin

Yarn version: 
  1.17.3

Node version: 
  13.6.0

Platform: 
  linux x64

Trace: 
  Error: canceled
      at Interface.<anonymous> (/usr/share/yarn/lib/cli.js:136724:13)
      at Interface.emit (events.js:321:20)
      at Interface._ttyWrite (readline.js:881:16)
      at ReadStream.onkeypress (readline.js:199:10)
      at ReadStream.emit (events.js:321:20)
      at emitKeys (internal/readline/utils.js:439:14)
      at emitKeys.next (<anonymous>)
      at ReadStream.onData (readline.js:1149:36)
      at ReadStream.emit (events.js:321:20)
      at addChunk (_stream_readable.js:305:12)

npm manifest: 
  No manifest

yarn manifest: 
  No manifest

Lockfile: 
  No lockfile
